<?xml version="1.0" encoding="UTF-8"?>
<testsuites>
  <testsuite name="Model Test Suite" tests="1" assertions="1" failures="0" errors="0" time="0.009341">
    <testsuite name="ExampleTest" file="/Users/karina-ennenga/jenkins-php-quickstart/tests/application/ExampleTest.php" tests="1" assertions="1" failures="0" errors="0" time="0.009341">
      <testcase name="testSomething" class="ExampleTest" file="/Users/karina-ennenga/jenkins-php-quickstart/tests/application/ExampleTest.php" line="7" assertions="1" time="0.009341"/>
    </testsuite>
  </testsuite>
</testsuites>
